0 info it worked if it ends with ok
1 verbose cli [ '/Users/giuliandrimba/.nvm/versions/v4.2.2/bin/node',
1 verbose cli   '/Users/giuliandrimba/.nvm/versions/v4.2.2/bin/npm',
1 verbose cli   'run',
1 verbose cli   'watch' ]
2 info using npm@2.14.7
3 info using node@v4.2.2
4 verbose stack Error: missing script: watch
4 verbose stack     at run (/Users/giuliandrimba/.nvm/versions/v4.2.2/lib/node_modules/npm/lib/run-script.js:142:19)
4 verbose stack     at /Users/giuliandrimba/.nvm/versions/v4.2.2/lib/node_modules/npm/lib/run-script.js:58:5
4 verbose stack     at /Users/giuliandrimba/.nvm/versions/v4.2.2/lib/node_modules/npm/node_modules/read-package-json/read-json.js:345:5
4 verbose stack     at checkBinReferences_ (/Users/giuliandrimba/.nvm/versions/v4.2.2/lib/node_modules/npm/node_modules/read-package-json/read-json.js:309:45)
4 verbose stack     at final (/Users/giuliandrimba/.nvm/versions/v4.2.2/lib/node_modules/npm/node_modules/read-package-json/read-json.js:343:3)
4 verbose stack     at then (/Users/giuliandrimba/.nvm/versions/v4.2.2/lib/node_modules/npm/node_modules/read-package-json/read-json.js:113:5)
4 verbose stack     at /Users/giuliandrimba/.nvm/versions/v4.2.2/lib/node_modules/npm/node_modules/read-package-json/read-json.js:300:12
4 verbose stack     at /Users/giuliandrimba/.nvm/versions/v4.2.2/lib/node_modules/npm/node_modules/graceful-fs/graceful-fs.js:76:16
4 verbose stack     at FSReqWrap.readFileAfterClose [as oncomplete] (fs.js:380:3)
5 verbose cwd /Users/giuliandrimba/workspace/doublepi/sketches/sphere-particles
6 error Darwin 14.5.0
7 error argv "/Users/giuliandrimba/.nvm/versions/v4.2.2/bin/node" "/Users/giuliandrimba/.nvm/versions/v4.2.2/bin/npm" "run" "watch"
8 error node v4.2.2
9 error npm  v2.14.7
10 error missing script: watch
11 error If you need help, you may report this error at:
11 error     <https://github.com/npm/npm/issues>
12 verbose exit [ 1, true ]
